{
  "numFailedTestSuites": 0,
  "numFailedTests": 0,
  "numPassedTestSuites": 43,
  "numPassedTests": 272,
  "numPendingTestSuites": 0,
  "numPendingTests": 0,
  "numRuntimeErrorTestSuites": 0,
  "numTodoTests": 0,
  "numTotalTestSuites": 43,
  "numTotalTests": 272,
  "openHandles": [],
  "snapshot": {
    "added": 0,
    "didUpdate": false,
    "failure": false,
    "filesAdded": 0,
    "filesRemoved": 0,
    "filesRemovedList": [],
    "filesUnmatched": 0,
    "filesUpdated": 0,
    "matched": 0,
    "total": 0,
    "unchecked": 0,
    "uncheckedKeysByFile": [],
    "unmatched": 0,
    "updated": 0
  },
  "startTime": 1764277224308,
  "success": true,
  "testResults": [
    {
      "assertionResults": [
        {
          "ancestorTitles": ["CustomerRewardQueryRepositoryDrizzle", "findAll"],
          "duration": 4,
          "failureDetails": [],
          "failureMessages": [],
          "fullName": "CustomerRewardQueryRepositoryDrizzle findAll should retrieve all customer rewards and map them",
          "invocations": 1,
          "location": null,
          "numPassingAsserts": 4,
          "retryReasons": [],
          "status": "passed",
          "title": "should retrieve all customer rewards and map them"
        },
        {
          "ancestorTitles": ["CustomerRewardQueryRepositoryDrizzle", "findAll"],
          "duration": 8,
          "failureDetails": [],
          "failureMessages": [],
          "fullName": "CustomerRewardQueryRepositoryDrizzle findAll should propagate DB errors",
          "invocations": 1,
          "location": null,
          "numPassingAsserts": 1,
          "retryReasons": [],
          "status": "passed",
          "title": "should propagate DB errors"
        },
        {
          "ancestorTitles": [
            "CustomerRewardQueryRepositoryDrizzle",
            "findTopRewardsByRedeem"
          ],
          "duration": 3,
          "failureDetails": [],
          "failureMessages": [],
          "fullName": "CustomerRewardQueryRepositoryDrizzle findTopRewardsByRedeem should aggregate data, join rewards, and map to TopReward model",
          "invocations": 1,
          "location": null,
          "numPassingAsserts": 10,
          "retryReasons": [],
          "status": "passed",
          "title": "should aggregate data, join rewards, and map to TopReward model"
        },
        {
          "ancestorTitles": [
            "CustomerRewardQueryRepositoryDrizzle",
            "findTopRewardsByRedeem"
          ],
          "duration": 1,
          "failureDetails": [],
          "failureMessages": [],
          "fullName": "CustomerRewardQueryRepositoryDrizzle findTopRewardsByRedeem should handle empty results",
          "invocations": 1,
          "location": null,
          "numPassingAsserts": 1,
          "retryReasons": [],
          "status": "passed",
          "title": "should handle empty results"
        },
        {
          "ancestorTitles": [
            "CustomerRewardQueryRepositoryDrizzle",
            "findRewardsRedeemedByCustomer"
          ],
          "duration": 1,
          "failureDetails": [],
          "failureMessages": [],
          "fullName": "CustomerRewardQueryRepositoryDrizzle findRewardsRedeemedByCustomer should find rewards for a specific customer and map to CustomerRedeemedReward",
          "invocations": 1,
          "location": null,
          "numPassingAsserts": 7,
          "retryReasons": [],
          "status": "passed",
          "title": "should find rewards for a specific customer and map to CustomerRedeemedReward"
        },
        {
          "ancestorTitles": [
            "CustomerRewardQueryRepositoryDrizzle",
            "findAvailableRewardsForCustomer"
          ],
          "duration": 2,
          "failureDetails": [],
          "failureMessages": [],
          "fullName": "CustomerRewardQueryRepositoryDrizzle findAvailableRewardsForCustomer should return rewards that match points and haven't been redeemed",
          "invocations": 1,
          "location": null,
          "numPassingAsserts": 7,
          "retryReasons": [],
          "status": "passed",
          "title": "should return rewards that match points and haven't been redeemed"
        },
        {
          "ancestorTitles": [
            "CustomerRewardQueryRepositoryDrizzle",
            "findAvailableRewardsForCustomer"
          ],
          "duration": 1,
          "failureDetails": [],
          "failureMessages": [],
          "fullName": "CustomerRewardQueryRepositoryDrizzle findAvailableRewardsForCustomer should propagate errors during available rewards search",
          "invocations": 1,
          "location": null,
          "numPassingAsserts": 1,
          "retryReasons": [],
          "status": "passed",
          "title": "should propagate errors during available rewards search"
        },
        {
          "ancestorTitles": [
            "CustomerRewardQueryRepositoryDrizzle",
            "findCustomersEligibleToRedeemReward"
          ],
          "duration": 1,
          "failureDetails": [],
          "failureMessages": [],
          "fullName": "CustomerRewardQueryRepositoryDrizzle findCustomersEligibleToRedeemReward should return customers with enough points who haven't redeemed the specific reward",
          "invocations": 1,
          "location": null,
          "numPassingAsserts": 7,
          "retryReasons": [],
          "status": "passed",
          "title": "should return customers with enough points who haven't redeemed the specific reward"
        },
        {
          "ancestorTitles": [
            "CustomerRewardQueryRepositoryDrizzle",
            "findCustomersWhoRedeemedReward"
          ],
          "duration": 2,
          "failureDetails": [],
          "failureMessages": [],
          "fullName": "CustomerRewardQueryRepositoryDrizzle findCustomersWhoRedeemedReward should return customers and redemption date for a specific reward",
          "invocations": 1,
          "location": null,
          "numPassingAsserts": 7,
          "retryReasons": [],
          "status": "passed",
          "title": "should return customers and redemption date for a specific reward"
        },
        {
          "ancestorTitles": [
            "CustomerRewardQueryRepositoryDrizzle",
            "findCustomersWhoRedeemedReward"
          ],
          "duration": 1,
          "failureDetails": [],
          "failureMessages": [],
          "fullName": "CustomerRewardQueryRepositoryDrizzle findCustomersWhoRedeemedReward should return empty list if no one redeemed",
          "invocations": 1,
          "location": null,
          "numPassingAsserts": 1,
          "retryReasons": [],
          "status": "passed",
          "title": "should return empty list if no one redeemed"
        }
      ],
      "endTime": 1764277225241,
      "message": "",
      "name": "D:\\my-programs\\Descomplica\\PEX\\fidelize\\core\\infrastructure\\repositories\\drizzle\\__tests__\\queries\\customer-reward.query.repository.spec.ts",
      "startTime": 1764277224464,
      "status": "passed",
      "summary": ""
    },
    {
      "assertionResults": [
        {
          "ancestorTitles": ["CustomerRewardRepositoryDrizzle", "create"],
          "duration": 1,
          "failureDetails": [],
          "failureMessages": [],
          "fullName": "CustomerRewardRepositoryDrizzle create should insert a new customer reward and return the mapped domain entity",
          "invocations": 1,
          "location": null,
          "numPassingAsserts": 4,
          "retryReasons": [],
          "status": "passed",
          "title": "should insert a new customer reward and return the mapped domain entity"
        },
        {
          "ancestorTitles": ["CustomerRewardRepositoryDrizzle", "create"],
          "duration": 5,
          "failureDetails": [],
          "failureMessages": [],
          "fullName": "CustomerRewardRepositoryDrizzle create should propagate DB errors during creation",
          "invocations": 1,
          "location": null,
          "numPassingAsserts": 1,
          "retryReasons": [],
          "status": "passed",
          "title": "should propagate DB errors during creation"
        },
        {
          "ancestorTitles": ["CustomerRewardRepositoryDrizzle", "getById"],
          "duration": 1,
          "failureDetails": [],
          "failureMessages": [],
          "fullName": "CustomerRewardRepositoryDrizzle getById should return the customer reward when found by ID",
          "invocations": 1,
          "location": null,
          "numPassingAsserts": 4,
          "retryReasons": [],
          "status": "passed",
          "title": "should return the customer reward when found by ID"
        },
        {
          "ancestorTitles": ["CustomerRewardRepositoryDrizzle", "getById"],
          "duration": 5,
          "failureDetails": [],
          "failureMessages": [],
          "fullName": "CustomerRewardRepositoryDrizzle getById should throw CustomerRewardNotFoundError when ID is not found",
          "invocations": 1,
          "location": null,
          "numPassingAsserts": 2,
          "retryReasons": [],
          "status": "passed",
          "title": "should throw CustomerRewardNotFoundError when ID is not found"
        },
        {
          "ancestorTitles": [
            "CustomerRewardRepositoryDrizzle",
            "alreadyRedeemed"
          ],
          "duration": 1,
          "failureDetails": [],
          "failureMessages": [],
          "fullName": "CustomerRewardRepositoryDrizzle alreadyRedeemed should return the CustomerReward entity if the reward was already redeemed by the customer",
          "invocations": 1,
          "location": null,
          "numPassingAsserts": 4,
          "retryReasons": [],
          "status": "passed",
          "title": "should return the CustomerReward entity if the reward was already redeemed by the customer"
        },
        {
          "ancestorTitles": [
            "CustomerRewardRepositoryDrizzle",
            "alreadyRedeemed"
          ],
          "duration": 1,
          "failureDetails": [],
          "failureMessages": [],
          "fullName": "CustomerRewardRepositoryDrizzle alreadyRedeemed should return null if the reward was NOT redeemed by the customer",
          "invocations": 1,
          "location": null,
          "numPassingAsserts": 3,
          "retryReasons": [],
          "status": "passed",
          "title": "should return null if the reward was NOT redeemed by the customer"
        },
        {
          "ancestorTitles": ["CustomerRewardRepositoryDrizzle", "delete"],
          "duration": 1,
          "failureDetails": [],
          "failureMessages": [],
          "fullName": "CustomerRewardRepositoryDrizzle delete should delete the customer reward by ID",
          "invocations": 1,
          "location": null,
          "numPassingAsserts": 2,
          "retryReasons": [],
          "status": "passed",
          "title": "should delete the customer reward by ID"
        },
        {
          "ancestorTitles": ["CustomerRewardRepositoryDrizzle", "delete"],
          "duration": 1,
          "failureDetails": [],
          "failureMessages": [],
          "fullName": "CustomerRewardRepositoryDrizzle delete should propagate DB errors during deletion",
          "invocations": 1,
          "location": null,
          "numPassingAsserts": 1,
          "retryReasons": [],
          "status": "passed",
          "title": "should propagate DB errors during deletion"
        }
      ],
      "endTime": 1764277225427,
      "message": "",
      "name": "D:\\my-programs\\Descomplica\\PEX\\fidelize\\core\\infrastructure\\repositories\\drizzle\\__tests__\\commands\\customer-reward.repository.spec.ts",
      "startTime": 1764277225277,
      "status": "passed",
      "summary": ""
    },
    {
      "assertionResults": [
        {
          "ancestorTitles": ["CustomerRepositoryDrizzle", "create"],
          "duration": 2,
          "failureDetails": [],
          "failureMessages": [],
          "fullName": "CustomerRepositoryDrizzle create should insert a new customer and return the mapped domain entity",
          "invocations": 1,
          "location": null,
          "numPassingAsserts": 4,
          "retryReasons": [],
          "status": "passed",
          "title": "should insert a new customer and return the mapped domain entity"
        },
        {
          "ancestorTitles": ["CustomerRepositoryDrizzle", "create"],
          "duration": 6,
          "failureDetails": [],
          "failureMessages": [],
          "fullName": "CustomerRepositoryDrizzle create should propagate DB errors during creation",
          "invocations": 1,
          "location": null,
          "numPassingAsserts": 1,
          "retryReasons": [],
          "status": "passed",
          "title": "should propagate DB errors during creation"
        },
        {
          "ancestorTitles": ["CustomerRepositoryDrizzle", "getById"],
          "duration": 1,
          "failureDetails": [],
          "failureMessages": [],
          "fullName": "CustomerRepositoryDrizzle getById should return the customer when found by ID",
          "invocations": 1,
          "location": null,
          "numPassingAsserts": 4,
          "retryReasons": [],
          "status": "passed",
          "title": "should return the customer when found by ID"
        },
        {
          "ancestorTitles": ["CustomerRepositoryDrizzle", "getById"],
          "duration": 11,
          "failureDetails": [],
          "failureMessages": [],
          "fullName": "CustomerRepositoryDrizzle getById should throw CustomerNotFoundError when ID is not found",
          "invocations": 1,
          "location": null,
          "numPassingAsserts": 2,
          "retryReasons": [],
          "status": "passed",
          "title": "should throw CustomerNotFoundError when ID is not found"
        },
        {
          "ancestorTitles": ["CustomerRepositoryDrizzle", "findByPhone"],
          "duration": 1,
          "failureDetails": [],
          "failureMessages": [],
          "fullName": "CustomerRepositoryDrizzle findByPhone should return the customer when found by phone number",
          "invocations": 1,
          "location": null,
          "numPassingAsserts": 4,
          "retryReasons": [],
          "status": "passed",
          "title": "should return the customer when found by phone number"
        },
        {
          "ancestorTitles": ["CustomerRepositoryDrizzle", "findByPhone"],
          "duration": 1,
          "failureDetails": [],
          "failureMessages": [],
          "fullName": "CustomerRepositoryDrizzle findByPhone should return null when phone number is not found",
          "invocations": 1,
          "location": null,
          "numPassingAsserts": 3,
          "retryReasons": [],
          "status": "passed",
          "title": "should return null when phone number is not found"
        },
        {
          "ancestorTitles": ["CustomerRepositoryDrizzle", "update"],
          "duration": 1,
          "failureDetails": [],
          "failureMessages": [],
          "fullName": "CustomerRepositoryDrizzle update should update customer data and return the mapped result",
          "invocations": 1,
          "location": null,
          "numPassingAsserts": 4,
          "retryReasons": [],
          "status": "passed",
          "title": "should update customer data and return the mapped result"
        },
        {
          "ancestorTitles": ["CustomerRepositoryDrizzle", "update"],
          "duration": 0,
          "failureDetails": [],
          "failureMessages": [],
          "fullName": "CustomerRepositoryDrizzle update should propagate DB errors during update",
          "invocations": 1,
          "location": null,
          "numPassingAsserts": 1,
          "retryReasons": [],
          "status": "passed",
          "title": "should propagate DB errors during update"
        },
        {
          "ancestorTitles": ["CustomerRepositoryDrizzle", "delete"],
          "duration": 0,
          "failureDetails": [],
          "failureMessages": [],
          "fullName": "CustomerRepositoryDrizzle delete should call delete on the DB client with the correct ID condition",
          "invocations": 1,
          "location": null,
          "numPassingAsserts": 2,
          "retryReasons": [],
          "status": "passed",
          "title": "should call delete on the DB client with the correct ID condition"
        },
        {
          "ancestorTitles": ["CustomerRepositoryDrizzle", "delete"],
          "duration": 1,
          "failureDetails": [],
          "failureMessages": [],
          "fullName": "CustomerRepositoryDrizzle delete should propagate DB errors during deletion",
          "invocations": 1,
          "location": null,
          "numPassingAsserts": 1,
          "retryReasons": [],
          "status": "passed",
          "title": "should propagate DB errors during deletion"
        }
      ],
      "endTime": 1764277225594,
      "message": "",
      "name": "D:\\my-programs\\Descomplica\\PEX\\fidelize\\core\\infrastructure\\repositories\\drizzle\\__tests__\\commands\\customer.repository.spec.ts",
      "startTime": 1764277225439,
      "status": "passed",
      "summary": ""
    },
    {
      "assertionResults": [
        {
          "ancestorTitles": ["RewardRepositoryDrizzle", "create"],
          "duration": 2,
          "failureDetails": [],
          "failureMessages": [],
          "fullName": "RewardRepositoryDrizzle create should insert a new reward and return the mapped domain entity",
          "invocations": 1,
          "location": null,
          "numPassingAsserts": 5,
          "retryReasons": [],
          "status": "passed",
          "title": "should insert a new reward and return the mapped domain entity"
        },
        {
          "ancestorTitles": ["RewardRepositoryDrizzle", "create"],
          "duration": 5,
          "failureDetails": [],
          "failureMessages": [],
          "fullName": "RewardRepositoryDrizzle create should propagate DB errors during creation",
          "invocations": 1,
          "location": null,
          "numPassingAsserts": 1,
          "retryReasons": [],
          "status": "passed",
          "title": "should propagate DB errors during creation"
        },
        {
          "ancestorTitles": ["RewardRepositoryDrizzle", "getById"],
          "duration": 0,
          "failureDetails": [],
          "failureMessages": [],
          "fullName": "RewardRepositoryDrizzle getById should return the reward when found",
          "invocations": 1,
          "location": null,
          "numPassingAsserts": 6,
          "retryReasons": [],
          "status": "passed",
          "title": "should return the reward when found"
        },
        {
          "ancestorTitles": ["RewardRepositoryDrizzle", "getById"],
          "duration": 3,
          "failureDetails": [],
          "failureMessages": [],
          "fullName": "RewardRepositoryDrizzle getById should throw RewardNotFoundError when not found",
          "invocations": 1,
          "location": null,
          "numPassingAsserts": 2,
          "retryReasons": [],
          "status": "passed",
          "title": "should throw RewardNotFoundError when not found"
        },
        {
          "ancestorTitles": ["RewardRepositoryDrizzle", "getById"],
          "duration": 1,
          "failureDetails": [],
          "failureMessages": [],
          "fullName": "RewardRepositoryDrizzle getById should propagate unexpected DB errors",
          "invocations": 1,
          "location": null,
          "numPassingAsserts": 1,
          "retryReasons": [],
          "status": "passed",
          "title": "should propagate unexpected DB errors"
        },
        {
          "ancestorTitles": ["RewardRepositoryDrizzle", "update"],
          "duration": 1,
          "failureDetails": [],
          "failureMessages": [],
          "fullName": "RewardRepositoryDrizzle update should update the reward and return the mapped result",
          "invocations": 1,
          "location": null,
          "numPassingAsserts": 5,
          "retryReasons": [],
          "status": "passed",
          "title": "should update the reward and return the mapped result"
        },
        {
          "ancestorTitles": ["RewardRepositoryDrizzle", "update"],
          "duration": 1,
          "failureDetails": [],
          "failureMessages": [],
          "fullName": "RewardRepositoryDrizzle update should propagate DB errors during update",
          "invocations": 1,
          "location": null,
          "numPassingAsserts": 1,
          "retryReasons": [],
          "status": "passed",
          "title": "should propagate DB errors during update"
        },
        {
          "ancestorTitles": ["RewardRepositoryDrizzle", "delete"],
          "duration": 1,
          "failureDetails": [],
          "failureMessages": [],
          "fullName": "RewardRepositoryDrizzle delete should delete the reward by id",
          "invocations": 1,
          "location": null,
          "numPassingAsserts": 2,
          "retryReasons": [],
          "status": "passed",
          "title": "should delete the reward by id"
        },
        {
          "ancestorTitles": ["RewardRepositoryDrizzle", "delete"],
          "duration": 1,
          "failureDetails": [],
          "failureMessages": [],
          "fullName": "RewardRepositoryDrizzle delete should propagate DB errors during delete",
          "invocations": 1,
          "location": null,
          "numPassingAsserts": 1,
          "retryReasons": [],
          "status": "passed",
          "title": "should propagate DB errors during delete"
        }
      ],
      "endTime": 1764277225744,
      "message": "",
      "name": "D:\\my-programs\\Descomplica\\PEX\\fidelize\\core\\infrastructure\\repositories\\drizzle\\__tests__\\commands\\reward.repository.spec.ts",
      "startTime": 1764277225604,
      "status": "passed",
      "summary": ""
    },
    {
      "assertionResults": [
        {
          "ancestorTitles": ["CustomerQueryRepositoryDrizzle", "findByName"],
          "duration": 1,
          "failureDetails": [],
          "failureMessages": [],
          "fullName": "CustomerQueryRepositoryDrizzle findByName should query by name using LIKE and map results to domain entities",
          "invocations": 1,
          "location": null,
          "numPassingAsserts": 4,
          "retryReasons": [],
          "status": "passed",
          "title": "should query by name using LIKE and map results to domain entities"
        },
        {
          "ancestorTitles": ["CustomerQueryRepositoryDrizzle", "findByName"],
          "duration": 1,
          "failureDetails": [],
          "failureMessages": [],
          "fullName": "CustomerQueryRepositoryDrizzle findByName should return an empty array when no records exist",
          "invocations": 1,
          "location": null,
          "numPassingAsserts": 2,
          "retryReasons": [],
          "status": "passed",
          "title": "should return an empty array when no records exist"
        },
        {
          "ancestorTitles": ["CustomerQueryRepositoryDrizzle", "findByName"],
          "duration": 5,
          "failureDetails": [],
          "failureMessages": [],
          "fullName": "CustomerQueryRepositoryDrizzle findByName should propagate errors thrown by the DB client",
          "invocations": 1,
          "location": null,
          "numPassingAsserts": 1,
          "retryReasons": [],
          "status": "passed",
          "title": "should propagate errors thrown by the DB client"
        },
        {
          "ancestorTitles": ["CustomerQueryRepositoryDrizzle", "findAll"],
          "duration": 1,
          "failureDetails": [],
          "failureMessages": [],
          "fullName": "CustomerQueryRepositoryDrizzle findAll should retrieve all customers and map them",
          "invocations": 1,
          "location": null,
          "numPassingAsserts": 3,
          "retryReasons": [],
          "status": "passed",
          "title": "should retrieve all customers and map them"
        },
        {
          "ancestorTitles": ["CustomerQueryRepositoryDrizzle", "findAll"],
          "duration": 0,
          "failureDetails": [],
          "failureMessages": [],
          "fullName": "CustomerQueryRepositoryDrizzle findAll should propagate DB errors",
          "invocations": 1,
          "location": null,
          "numPassingAsserts": 1,
          "retryReasons": [],
          "status": "passed",
          "title": "should propagate DB errors"
        },
        {
          "ancestorTitles": [
            "CustomerQueryRepositoryDrizzle",
            "findTopCustomersByPoints"
          ],
          "duration": 0,
          "failureDetails": [],
          "failureMessages": [],
          "fullName": "CustomerQueryRepositoryDrizzle findTopCustomersByPoints should order by points descending, limit, and map results",
          "invocations": 1,
          "location": null,
          "numPassingAsserts": 5,
          "retryReasons": [],
          "status": "passed",
          "title": "should order by points descending, limit, and map results"
        },
        {
          "ancestorTitles": [
            "CustomerQueryRepositoryDrizzle",
            "findTopCustomersByPoints"
          ],
          "duration": 0,
          "failureDetails": [],
          "failureMessages": [],
          "fullName": "CustomerQueryRepositoryDrizzle findTopCustomersByPoints should propagate DB errors",
          "invocations": 1,
          "location": null,
          "numPassingAsserts": 1,
          "retryReasons": [],
          "status": "passed",
          "title": "should propagate DB errors"
        }
      ],
      "endTime": 1764277225881,
      "message": "",
      "name": "D:\\my-programs\\Descomplica\\PEX\\fidelize\\core\\infrastructure\\repositories\\drizzle\\__tests__\\queries\\customer.query.repository.spec.ts",
      "startTime": 1764277225755,
      "status": "passed",
      "summary": ""
    },
    {
      "assertionResults": [
        {
          "ancestorTitles": ["RewardQueryRepositoryDrizzle", "findByName"],
          "duration": 1,
          "failureDetails": [],
          "failureMessages": [],
          "fullName": "RewardQueryRepositoryDrizzle findByName should find rewards by name using LIKE and map them",
          "invocations": 1,
          "location": null,
          "numPassingAsserts": 5,
          "retryReasons": [],
          "status": "passed",
          "title": "should find rewards by name using LIKE and map them"
        },
        {
          "ancestorTitles": ["RewardQueryRepositoryDrizzle", "findByName"],
          "duration": 1,
          "failureDetails": [],
          "failureMessages": [],
          "fullName": "RewardQueryRepositoryDrizzle findByName should return empty list when no match found",
          "invocations": 1,
          "location": null,
          "numPassingAsserts": 2,
          "retryReasons": [],
          "status": "passed",
          "title": "should return empty list when no match found"
        },
        {
          "ancestorTitles": ["RewardQueryRepositoryDrizzle", "findByName"],
          "duration": 4,
          "failureDetails": [],
          "failureMessages": [],
          "fullName": "RewardQueryRepositoryDrizzle findByName should propagate DB errors",
          "invocations": 1,
          "location": null,
          "numPassingAsserts": 1,
          "retryReasons": [],
          "status": "passed",
          "title": "should propagate DB errors"
        },
        {
          "ancestorTitles": ["RewardQueryRepositoryDrizzle", "findAll"],
          "duration": 1,
          "failureDetails": [],
          "failureMessages": [],
          "fullName": "RewardQueryRepositoryDrizzle findAll should retrieve all rewards and map them",
          "invocations": 1,
          "location": null,
          "numPassingAsserts": 4,
          "retryReasons": [],
          "status": "passed",
          "title": "should retrieve all rewards and map them"
        },
        {
          "ancestorTitles": ["RewardQueryRepositoryDrizzle", "findAll"],
          "duration": 0,
          "failureDetails": [],
          "failureMessages": [],
          "fullName": "RewardQueryRepositoryDrizzle findAll should propagate DB errors",
          "invocations": 1,
          "location": null,
          "numPassingAsserts": 1,
          "retryReasons": [],
          "status": "passed",
          "title": "should propagate DB errors"
        },
        {
          "ancestorTitles": ["RewardQueryRepositoryDrizzle", "findAllActive"],
          "duration": 1,
          "failureDetails": [],
          "failureMessages": [],
          "fullName": "RewardQueryRepositoryDrizzle findAllActive should retrieve only active rewards",
          "invocations": 1,
          "location": null,
          "numPassingAsserts": 3,
          "retryReasons": [],
          "status": "passed",
          "title": "should retrieve only active rewards"
        },
        {
          "ancestorTitles": ["RewardQueryRepositoryDrizzle", "findAllActive"],
          "duration": 0,
          "failureDetails": [],
          "failureMessages": [],
          "fullName": "RewardQueryRepositoryDrizzle findAllActive should propagate DB errors during active fetch",
          "invocations": 1,
          "location": null,
          "numPassingAsserts": 1,
          "retryReasons": [],
          "status": "passed",
          "title": "should propagate DB errors during active fetch"
        },
        {
          "ancestorTitles": ["RewardQueryRepositoryDrizzle", "findAllInactive"],
          "duration": 0,
          "failureDetails": [],
          "failureMessages": [],
          "fullName": "RewardQueryRepositoryDrizzle findAllInactive should retrieve only inactive rewards",
          "invocations": 1,
          "location": null,
          "numPassingAsserts": 3,
          "retryReasons": [],
          "status": "passed",
          "title": "should retrieve only inactive rewards"
        },
        {
          "ancestorTitles": ["RewardQueryRepositoryDrizzle", "findAllInactive"],
          "duration": 1,
          "failureDetails": [],
          "failureMessages": [],
          "fullName": "RewardQueryRepositoryDrizzle findAllInactive should propagate DB errors during inactive fetch",
          "invocations": 1,
          "location": null,
          "numPassingAsserts": 1,
          "retryReasons": [],
          "status": "passed",
          "title": "should propagate DB errors during inactive fetch"
        }
      ],
      "endTime": 1764277226030,
      "message": "",
      "name": "D:\\my-programs\\Descomplica\\PEX\\fidelize\\core\\infrastructure\\repositories\\drizzle\\__tests__\\queries\\reward.query.repository.spec.ts",
      "startTime": 1764277225892,
      "status": "passed",
      "summary": ""
    },
    {
      "assertionResults": [
        {
          "ancestorTitles": ["Customer Entity", "Success cases"],
          "duration": 2,
          "failureDetails": [],
          "failureMessages": [],
          "fullName": "Customer Entity Success cases should create a customer with provided values",
          "invocations": 1,
          "location": null,
          "numPassingAsserts": 8,
          "retryReasons": [],
          "status": "passed",
          "title": "should create a customer with provided values"
        },
        {
          "ancestorTitles": ["Customer Entity", "Success cases"],
          "duration": 0,
          "failureDetails": [],
          "failureMessages": [],
          "fullName": "Customer Entity Success cases should set the customer id",
          "invocations": 1,
          "location": null,
          "numPassingAsserts": 2,
          "retryReasons": [],
          "status": "passed",
          "title": "should set the customer id"
        },
        {
          "ancestorTitles": ["Customer Entity", "Success cases"],
          "duration": 0,
          "failureDetails": [],
          "failureMessages": [],
          "fullName": "Customer Entity Success cases should update points",
          "invocations": 1,
          "location": null,
          "numPassingAsserts": 2,
          "retryReasons": [],
          "status": "passed",
          "title": "should update points"
        },
        {
          "ancestorTitles": ["Customer Entity", "Success cases"],
          "duration": 1,
          "failureDetails": [],
          "failureMessages": [],
          "fullName": "Customer Entity Success cases should update last visit date",
          "invocations": 1,
          "location": null,
          "numPassingAsserts": 3,
          "retryReasons": [],
          "status": "passed",
          "title": "should update last visit date"
        },
        {
          "ancestorTitles": ["Customer Entity", "Success cases"],
          "duration": 1,
          "failureDetails": [],
          "failureMessages": [],
          "fullName": "Customer Entity Success cases should add points and update visit if points increased",
          "invocations": 1,
          "location": null,
          "numPassingAsserts": 2,
          "retryReasons": [],
          "status": "passed",
          "title": "should add points and update visit if points increased"
        },
        {
          "ancestorTitles": ["Customer Entity", "Success cases"],
          "duration": 0,
          "failureDetails": [],
          "failureMessages": [],
          "fullName": "Customer Entity Success cases should add points but not update visit if points did not increase",
          "invocations": 1,
          "location": null,
          "numPassingAsserts": 2,
          "retryReasons": [],
          "status": "passed",
          "title": "should add points but not update visit if points did not increase"
        },
        {
          "ancestorTitles": ["Customer Entity", "Success cases"],
          "duration": 1,
          "failureDetails": [],
          "failureMessages": [],
          "fullName": "Customer Entity Success cases should return correct persistence object",
          "invocations": 1,
          "location": null,
          "numPassingAsserts": 1,
          "retryReasons": [],
          "status": "passed",
          "title": "should return correct persistence object"
        },
        {
          "ancestorTitles": ["Customer Entity", "Error cases"],
          "duration": 11,
          "failureDetails": [],
          "failureMessages": [],
          "fullName": "Customer Entity Error cases should throw error if points are negative during creation",
          "invocations": 1,
          "location": null,
          "numPassingAsserts": 1,
          "retryReasons": [],
          "status": "passed",
          "title": "should throw error if points are negative during creation"
        },
        {
          "ancestorTitles": ["Customer Entity", "Error cases"],
          "duration": 1,
          "failureDetails": [],
          "failureMessages": [],
          "fullName": "Customer Entity Error cases should throw error if points are negative when updating",
          "invocations": 1,
          "location": null,
          "numPassingAsserts": 2,
          "retryReasons": [],
          "status": "passed",
          "title": "should throw error if points are negative when updating"
        },
        {
          "ancestorTitles": ["Customer Entity", "Error cases"],
          "duration": 1,
          "failureDetails": [],
          "failureMessages": [],
          "fullName": "Customer Entity Error cases should throw error if id is already set",
          "invocations": 1,
          "location": null,
          "numPassingAsserts": 3,
          "retryReasons": [],
          "status": "passed",
          "title": "should throw error if id is already set"
        },
        {
          "ancestorTitles": ["Customer Entity", "Error cases"],
          "duration": 1,
          "failureDetails": [],
          "failureMessages": [],
          "fullName": "Customer Entity Error cases should throw error if last visit is before creation",
          "invocations": 1,
          "location": null,
          "numPassingAsserts": 1,
          "retryReasons": [],
          "status": "passed",
          "title": "should throw error if last visit is before creation"
        },
        {
          "ancestorTitles": ["Customer Entity", "Error cases"],
          "duration": 1,
          "failureDetails": [],
          "failureMessages": [],
          "fullName": "Customer Entity Error cases should throw error if dates are in the future during creation",
          "invocations": 1,
          "location": null,
          "numPassingAsserts": 1,
          "retryReasons": [],
          "status": "passed",
          "title": "should throw error if dates are in the future during creation"
        },
        {
          "ancestorTitles": ["Customer Entity", "Error cases"],
          "duration": 1,
          "failureDetails": [],
          "failureMessages": [],
          "fullName": "Customer Entity Error cases should throw error if dates are in the future when updating last visit",
          "invocations": 1,
          "location": null,
          "numPassingAsserts": 1,
          "retryReasons": [],
          "status": "passed",
          "title": "should throw error if dates are in the future when updating last visit"
        }
      ],
      "endTime": 1764277226151,
      "message": "",
      "name": "D:\\my-programs\\Descomplica\\PEX\\fidelize\\core\\domain\\customers\\__tests__\\customer.entity.spec.ts",
      "startTime": 1764277226039,
      "status": "passed",
      "summary": ""
    },
    {
      "assertionResults": [
        {
          "ancestorTitles": ["GetCustomerDetailUseCase"],
          "duration": 1,
          "failureDetails": [],
          "failureMessages": [],
          "fullName": "GetCustomerDetailUseCase should fetch customer by id and return mapped DTO (happy path)",
          "invocations": 1,
          "location": null,
          "numPassingAsserts": 5,
          "retryReasons": [],
          "status": "passed",
          "title": "should fetch customer by id and return mapped DTO (happy path)"
        },
        {
          "ancestorTitles": ["GetCustomerDetailUseCase"],
          "duration": 5,
          "failureDetails": [],
          "failureMessages": [],
          "fullName": "GetCustomerDetailUseCase should propagate error when repository.getById throws",
          "invocations": 1,
          "location": null,
          "numPassingAsserts": 3,
          "retryReasons": [],
          "status": "passed",
          "title": "should propagate error when repository.getById throws"
        },
        {
          "ancestorTitles": ["GetCustomerDetailUseCase"],
          "duration": 8,
          "failureDetails": [],
          "failureMessages": [],
          "fullName": "GetCustomerDetailUseCase should propagate error when mapper.map throws",
          "invocations": 1,
          "location": null,
          "numPassingAsserts": 3,
          "retryReasons": [],
          "status": "passed",
          "title": "should propagate error when mapper.map throws"
        },
        {
          "ancestorTitles": ["GetCustomerDetailUseCase"],
          "duration": 0,
          "failureDetails": [],
          "failureMessages": [],
          "fullName": "GetCustomerDetailUseCase should not call unrelated repository methods",
          "invocations": 1,
          "location": null,
          "numPassingAsserts": 5,
          "retryReasons": [],
          "status": "passed",
          "title": "should not call unrelated repository methods"
        }
      ],
      "endTime": 1764277226298,
      "message": "",
      "name": "D:\\my-programs\\Descomplica\\PEX\\fidelize\\core\\application\\use-cases\\customers\\__tests__\\queries\\get-customer-detail.use-case.spec.ts",
      "startTime": 1764277226159,
      "status": "passed",
      "summary": ""
    },
    {
      "assertionResults": [
        {
          "ancestorTitles": ["ListCustomersUseCase"],
          "duration": 1,
          "failureDetails": [],
          "failureMessages": [],
          "fullName": "ListCustomersUseCase should return a list of mapped customer DTOs (happy path)",
          "invocations": 1,
          "location": null,
          "numPassingAsserts": 5,
          "retryReasons": [],
          "status": "passed",
          "title": "should return a list of mapped customer DTOs (happy path)"
        },
        {
          "ancestorTitles": ["ListCustomersUseCase"],
          "duration": 1,
          "failureDetails": [],
          "failureMessages": [],
          "fullName": "ListCustomersUseCase should return an empty array if repository returns no customers",
          "invocations": 1,
          "location": null,
          "numPassingAsserts": 3,
          "retryReasons": [],
          "status": "passed",
          "title": "should return an empty array if repository returns no customers"
        },
        {
          "ancestorTitles": ["ListCustomersUseCase"],
          "duration": 4,
          "failureDetails": [],
          "failureMessages": [],
          "fullName": "ListCustomersUseCase should propagate errors thrown by repository.findAll",
          "invocations": 1,
          "location": null,
          "numPassingAsserts": 3,
          "retryReasons": [],
          "status": "passed",
          "title": "should propagate errors thrown by repository.findAll"
        },
        {
          "ancestorTitles": ["ListCustomersUseCase"],
          "duration": 2,
          "failureDetails": [],
          "failureMessages": [],
          "fullName": "ListCustomersUseCase should propagate errors thrown by the mapper",
          "invocations": 1,
          "location": null,
          "numPassingAsserts": 3,
          "retryReasons": [],
          "status": "passed",
          "title": "should propagate errors thrown by the mapper"
        },
        {
          "ancestorTitles": ["ListCustomersUseCase"],
          "duration": 0,
          "failureDetails": [],
          "failureMessages": [],
          "fullName": "ListCustomersUseCase should not call unrelated repository methods",
          "invocations": 1,
          "location": null,
          "numPassingAsserts": 3,
          "retryReasons": [],
          "status": "passed",
          "title": "should not call unrelated repository methods"
        }
      ],
      "endTime": 1764277226414,
      "message": "",
      "name": "D:\\my-programs\\Descomplica\\PEX\\fidelize\\core\\application\\use-cases\\customers\\__tests__\\queries\\list-customers.use-case.spec.ts",
      "startTime": 1764277226308,
      "status": "passed",
      "summary": ""
    },
    {
      "assertionResults": [
        {
          "ancestorTitles": ["DbRewardToDomainMapper"],
          "duration": 1,
          "failureDetails": [],
          "failureMessages": [],
          "fullName": "DbRewardToDomainMapper should map RewardSelect to RewardEntity with active status",
          "invocations": 1,
          "location": null,
          "numPassingAsserts": 7,
          "retryReasons": [],
          "status": "passed",
          "title": "should map RewardSelect to RewardEntity with active status"
        },
        {
          "ancestorTitles": ["DbRewardToDomainMapper"],
          "duration": 1,
          "failureDetails": [],
          "failureMessages": [],
          "fullName": "DbRewardToDomainMapper should map RewardSelect to RewardEntity with inactive status when isActive is 0",
          "invocations": 1,
          "location": null,
          "numPassingAsserts": 1,
          "retryReasons": [],
          "status": "passed",
          "title": "should map RewardSelect to RewardEntity with inactive status when isActive is 0"
        },
        {
          "ancestorTitles": ["DbRewardToDomainMapper"],
          "duration": 0,
          "failureDetails": [],
          "failureMessages": [],
          "fullName": "DbRewardToDomainMapper should map RewardSelect to RewardEntity with inactive status when isActive is other than 1",
          "invocations": 1,
          "location": null,
          "numPassingAsserts": 1,
          "retryReasons": [],
          "status": "passed",
          "title": "should map RewardSelect to RewardEntity with inactive status when isActive is other than 1"
        },
        {
          "ancestorTitles": ["DbRewardToDomainMapper"],
          "duration": 0,
          "failureDetails": [],
          "failureMessages": [],
          "fullName": "DbRewardToDomainMapper should correctly set id on the RewardEntity",
          "invocations": 1,
          "location": null,
          "numPassingAsserts": 1,
          "retryReasons": [],
          "status": "passed",
          "title": "should correctly set id on the RewardEntity"
        },
        {
          "ancestorTitles": ["DbRewardToDomainMapper"],
          "duration": 0,
          "failureDetails": [],
          "failureMessages": [],
          "fullName": "DbRewardToDomainMapper should correctly map all properties even with edge cases",
          "invocations": 1,
          "location": null,
          "numPassingAsserts": 6,
          "retryReasons": [],
          "status": "passed",
          "title": "should correctly map all properties even with edge cases"
        }
      ],
      "endTime": 1764277226544,
      "message": "",
      "name": "D:\\my-programs\\Descomplica\\PEX\\fidelize\\core\\infrastructure\\mappers\\__tests__\\to-domain\\db-reward-to-domain.mapper.spec.ts",
      "startTime": 1764277226423,
      "status": "passed",
      "summary": ""
    },
    {
      "assertionResults": [
        {
          "ancestorTitles": ["ListEligibleCustomersForRewardUseCase"],
          "duration": 1,
          "failureDetails": [],
          "failureMessages": [],
          "fullName": "ListEligibleCustomersForRewardUseCase should return a list of mapped CustomerDto when eligible customers exist (happy path)",
          "invocations": 1,
          "location": null,
          "numPassingAsserts": 6,
          "retryReasons": [],
          "status": "passed",
          "title": "should return a list of mapped CustomerDto when eligible customers exist (happy path)"
        },
        {
          "ancestorTitles": ["ListEligibleCustomersForRewardUseCase"],
          "duration": 1,
          "failureDetails": [],
          "failureMessages": [],
          "fullName": "ListEligibleCustomersForRewardUseCase should return an empty array when repository returns no eligible customers",
          "invocations": 1,
          "location": null,
          "numPassingAsserts": 4,
          "retryReasons": [],
          "status": "passed",
          "title": "should return an empty array when repository returns no eligible customers"
        },
        {
          "ancestorTitles": ["ListEligibleCustomersForRewardUseCase"],
          "duration": 9,
          "failureDetails": [],
          "failureMessages": [],
          "fullName": "ListEligibleCustomersForRewardUseCase should propagate error when rewardRepo.getById throws",
          "invocations": 1,
          "location": null,
          "numPassingAsserts": 3,
          "retryReasons": [],
          "status": "passed",
          "title": "should propagate error when rewardRepo.getById throws"
        },
        {
          "ancestorTitles": ["ListEligibleCustomersForRewardUseCase"],
          "duration": 2,
          "failureDetails": [],
          "failureMessages": [],
          "fullName": "ListEligibleCustomersForRewardUseCase should propagate error when findCustomersEligibleToRedeemReward throws",
          "invocations": 1,
          "location": null,
          "numPassingAsserts": 3,
          "retryReasons": [],
          "status": "passed",
          "title": "should propagate error when findCustomersEligibleToRedeemReward throws"
        },
        {
          "ancestorTitles": ["ListEligibleCustomersForRewardUseCase"],
          "duration": 2,
          "failureDetails": [],
          "failureMessages": [],
          "fullName": "ListEligibleCustomersForRewardUseCase should propagate error when mapper.map throws for an item",
          "invocations": 1,
          "location": null,
          "numPassingAsserts": 3,
          "retryReasons": [],
          "status": "passed",
          "title": "should propagate error when mapper.map throws for an item"
        },
        {
          "ancestorTitles": ["ListEligibleCustomersForRewardUseCase"],
          "duration": 0,
          "failureDetails": [],
          "failureMessages": [],
          "fullName": "ListEligibleCustomersForRewardUseCase should call getById before findCustomersEligibleToRedeemReward (order of operations)",
          "invocations": 1,
          "location": null,
          "numPassingAsserts": 1,
          "retryReasons": [],
          "status": "passed",
          "title": "should call getById before findCustomersEligibleToRedeemReward (order of operations)"
        },
        {
          "ancestorTitles": ["ListEligibleCustomersForRewardUseCase"],
          "duration": 0,
          "failureDetails": [],
          "failureMessages": [],
          "fullName": "ListEligibleCustomersForRewardUseCase should not call unrelated repository methods",
          "invocations": 1,
          "location": null,
          "numPassingAsserts": 6,
          "retryReasons": [],
          "status": "passed",
          "title": "should not call unrelated repository methods"
        }
      ],
      "endTime": 1764277226705,
      "message": "",
      "name": "D:\\my-programs\\Descomplica\\PEX\\fidelize\\core\\application\\use-cases\\customers-rewards\\__tests__\\queries\\list-customers-eligible-to-redeem-reward.use-case.spec.ts",
      "startTime": 1764277226561,
      "status": "passed",
      "summary": ""
    },
    {
      "assertionResults": [
        {
          "ancestorTitles": ["UndoRedeemRewardUseCase"],
          "duration": 2,
          "failureDetails": [],
          "failureMessages": [],
          "fullName": "UndoRedeemRewardUseCase should undo a redeemed reward successfully (happy path)",
          "invocations": 1,
          "location": null,
          "numPassingAsserts": 3,
          "retryReasons": [],
          "status": "passed",
          "title": "should undo a redeemed reward successfully (happy path)"
        },
        {
          "ancestorTitles": ["UndoRedeemRewardUseCase"],
          "duration": 1,
          "failureDetails": [],
          "failureMessages": [],
          "fullName": "UndoRedeemRewardUseCase should throw CustomerRewardNotFoundError if the reward was not redeemed",
          "invocations": 1,
          "location": null,
          "numPassingAsserts": 3,
          "retryReasons": [],
          "status": "passed",
          "title": "should throw CustomerRewardNotFoundError if the reward was not redeemed"
        },
        {
          "ancestorTitles": ["UndoRedeemRewardUseCase"],
          "duration": 1,
          "failureDetails": [],
          "failureMessages": [],
          "fullName": "UndoRedeemRewardUseCase should throw InactiveRewardRedemptionError if reward is inactive",
          "invocations": 1,
          "location": null,
          "numPassingAsserts": 2,
          "retryReasons": [],
          "status": "passed",
          "title": "should throw InactiveRewardRedemptionError if reward is inactive"
        },
        {
          "ancestorTitles": ["UndoRedeemRewardUseCase"],
          "duration": 4,
          "failureDetails": [],
          "failureMessages": [],
          "fullName": "UndoRedeemRewardUseCase should propagate repository errors",
          "invocations": 1,
          "location": null,
          "numPassingAsserts": 1,
          "retryReasons": [],
          "status": "passed",
          "title": "should propagate repository errors"
        }
      ],
      "endTime": 1764277226878,
      "message": "",
      "name": "D:\\my-programs\\Descomplica\\PEX\\fidelize\\core\\application\\use-cases\\customers-rewards\\__tests__\\commands\\undo-redeem-reward.use-case.spec.ts",
      "startTime": 1764277226716,
      "status": "passed",
      "summary": ""
    },
    {
      "assertionResults": [
        {
          "ancestorTitles": ["EditCustomerUseCase"],
          "duration": 2,
          "failureDetails": [],
          "failureMessages": [],
          "fullName": "EditCustomerUseCase should throw ValidationException when validator returns errors",
          "invocations": 1,
          "location": null,
          "numPassingAsserts": 4,
          "retryReasons": [],
          "status": "passed",
          "title": "should throw ValidationException when validator returns errors"
        },
        {
          "ancestorTitles": ["EditCustomerUseCase"],
          "duration": 1,
          "failureDetails": [],
          "failureMessages": [],
          "fullName": "EditCustomerUseCase should fetch existing customer, update nothing (no changes) and return mapped DTO",
          "invocations": 1,
          "location": null,
          "numPassingAsserts": 5,
          "retryReasons": [],
          "status": "passed",
          "title": "should fetch existing customer, update nothing (no changes) and return mapped DTO"
        },
        {
          "ancestorTitles": ["EditCustomerUseCase"],
          "duration": 1,
          "failureDetails": [],
          "failureMessages": [],
          "fullName": "EditCustomerUseCase should update name, phone and points when provided",
          "invocations": 1,
          "location": null,
          "numPassingAsserts": 6,
          "retryReasons": [],
          "status": "passed",
          "title": "should update name, phone and points when provided"
        },
        {
          "ancestorTitles": ["EditCustomerUseCase"],
          "duration": 0,
          "failureDetails": [],
          "failureMessages": [],
          "fullName": "EditCustomerUseCase should use provided lastVisitAt when data.lastVisitAt is provided",
          "invocations": 1,
          "location": null,
          "numPassingAsserts": 1,
          "retryReasons": [],
          "status": "passed",
          "title": "should use provided lastVisitAt when data.lastVisitAt is provided"
        },
        {
          "ancestorTitles": ["EditCustomerUseCase"],
          "duration": 1,
          "failureDetails": [],
          "failureMessages": [],
          "fullName": "EditCustomerUseCase should update lastVisitAt to now when points increased and no lastVisit provided",
          "invocations": 1,
          "location": null,
          "numPassingAsserts": 2,
          "retryReasons": [],
          "status": "passed",
          "title": "should update lastVisitAt to now when points increased and no lastVisit provided"
        },
        {
          "ancestorTitles": ["EditCustomerUseCase"],
          "duration": 1,
          "failureDetails": [],
          "failureMessages": [],
          "fullName": "EditCustomerUseCase should keep lastVisitAt unchanged when points not increased and no lastVisit provided",
          "invocations": 1,
          "location": null,
          "numPassingAsserts": 1,
          "retryReasons": [],
          "status": "passed",
          "title": "should keep lastVisitAt unchanged when points not increased and no lastVisit provided"
        },
        {
          "ancestorTitles": ["EditCustomerUseCase"],
          "duration": 6,
          "failureDetails": [],
          "failureMessages": [],
          "fullName": "EditCustomerUseCase should propagate repository.update errors",
          "invocations": 1,
          "location": null,
          "numPassingAsserts": 1,
          "retryReasons": [],
          "status": "passed",
          "title": "should propagate repository.update errors"
        },
        {
          "ancestorTitles": ["EditCustomerUseCase"],
          "duration": 3,
          "failureDetails": [],
          "failureMessages": [],
          "fullName": "EditCustomerUseCase should propagate mapper.map errors",
          "invocations": 1,
          "location": null,
          "numPassingAsserts": 1,
          "retryReasons": [],
          "status": "passed",
          "title": "should propagate mapper.map errors"
        }
      ],
      "endTime": 1764277227004,
      "message": "",
      "name": "D:\\my-programs\\Descomplica\\PEX\\fidelize\\core\\application\\use-cases\\customers\\__tests__\\commands\\edit-customer.usecase.spec.ts",
      "startTime": 1764277226897,
      "status": "passed",
      "summary": ""
    },
    {
      "assertionResults": [
        {
          "ancestorTitles": ["ListRewardsUseCase"],
          "duration": 1,
          "failureDetails": [],
          "failureMessages": [],
          "fullName": "ListRewardsUseCase should return a list of mapped reward DTOs (happy path)",
          "invocations": 1,
          "location": null,
          "numPassingAsserts": 5,
          "retryReasons": [],
          "status": "passed",
          "title": "should return a list of mapped reward DTOs (happy path)"
        },
        {
          "ancestorTitles": ["ListRewardsUseCase"],
          "duration": 0,
          "failureDetails": [],
          "failureMessages": [],
          "fullName": "ListRewardsUseCase should return an empty array when repository returns no rewards",
          "invocations": 1,
          "location": null,
          "numPassingAsserts": 3,
          "retryReasons": [],
          "status": "passed",
          "title": "should return an empty array when repository returns no rewards"
        },
        {
          "ancestorTitles": ["ListRewardsUseCase"],
          "duration": 5,
          "failureDetails": [],
          "failureMessages": [],
          "fullName": "ListRewardsUseCase should propagate errors thrown by repository.findAll",
          "invocations": 1,
          "location": null,
          "numPassingAsserts": 3,
          "retryReasons": [],
          "status": "passed",
          "title": "should propagate errors thrown by repository.findAll"
        },
        {
          "ancestorTitles": ["ListRewardsUseCase"],
          "duration": 2,
          "failureDetails": [],
          "failureMessages": [],
          "fullName": "ListRewardsUseCase should propagate errors thrown by the mapper for an item",
          "invocations": 1,
          "location": null,
          "numPassingAsserts": 3,
          "retryReasons": [],
          "status": "passed",
          "title": "should propagate errors thrown by the mapper for an item"
        },
        {
          "ancestorTitles": ["ListRewardsUseCase"],
          "duration": 1,
          "failureDetails": [],
          "failureMessages": [],
          "fullName": "ListRewardsUseCase should only call findAll and not other query methods",
          "invocations": 1,
          "location": null,
          "numPassingAsserts": 4,
          "retryReasons": [],
          "status": "passed",
          "title": "should only call findAll and not other query methods"
        },
        {
          "ancestorTitles": ["ListRewardsUseCase"],
          "duration": 0,
          "failureDetails": [],
          "failureMessages": [],
          "fullName": "ListRewardsUseCase should preserve the order of mapped results",
          "invocations": 1,
          "location": null,
          "numPassingAsserts": 1,
          "retryReasons": [],
          "status": "passed",
          "title": "should preserve the order of mapped results"
        }
      ],
      "endTime": 1764277227148,
      "message": "",
      "name": "D:\\my-programs\\Descomplica\\PEX\\fidelize\\core\\application\\use-cases\\rewards\\__tests__\\queries\\list-rewards.use-case.spec.ts",
      "startTime": 1764277227013,
      "status": "passed",
      "summary": ""
    },
    {
      "assertionResults": [
        {
          "ancestorTitles": ["EditRewardUseCase"],
          "duration": 1,
          "failureDetails": [],
          "failureMessages": [],
          "fullName": "EditRewardUseCase should throw ValidationException when validator returns errors",
          "invocations": 1,
          "location": null,
          "numPassingAsserts": 4,
          "retryReasons": [],
          "status": "passed",
          "title": "should throw ValidationException when validator returns errors"
        },
        {
          "ancestorTitles": ["EditRewardUseCase"],
          "duration": 5,
          "failureDetails": [],
          "failureMessages": [],
          "fullName": "EditRewardUseCase should propagate error when rewardRepo.getById throws",
          "invocations": 1,
          "location": null,
          "numPassingAsserts": 3,
          "retryReasons": [],
          "status": "passed",
          "title": "should propagate error when rewardRepo.getById throws"
        },
        {
          "ancestorTitles": ["EditRewardUseCase"],
          "duration": 1,
          "failureDetails": [],
          "failureMessages": [],
          "fullName": "EditRewardUseCase should update all fields when provided and return mapped DTO (happy path)",
          "invocations": 1,
          "location": null,
          "numPassingAsserts": 10,
          "retryReasons": [],
          "status": "passed",
          "title": "should update all fields when provided and return mapped DTO (happy path)"
        },
        {
          "ancestorTitles": ["EditRewardUseCase"],
          "duration": 1,
          "failureDetails": [],
          "failureMessages": [],
          "fullName": "EditRewardUseCase should keep existing values for omitted fields",
          "invocations": 1,
          "location": null,
          "numPassingAsserts": 5,
          "retryReasons": [],
          "status": "passed",
          "title": "should keep existing values for omitted fields"
        },
        {
          "ancestorTitles": ["EditRewardUseCase"],
          "duration": 1,
          "failureDetails": [],
          "failureMessages": [],
          "fullName": "EditRewardUseCase should propagate error when rewardRepo.update throws",
          "invocations": 1,
          "location": null,
          "numPassingAsserts": 4,
          "retryReasons": [],
          "status": "passed",
          "title": "should propagate error when rewardRepo.update throws"
        },
        {
          "ancestorTitles": ["EditRewardUseCase"],
          "duration": 3,
          "failureDetails": [],
          "failureMessages": [],
          "fullName": "EditRewardUseCase should propagate error when mapper.map throws",
          "invocations": 1,
          "location": null,
          "numPassingAsserts": 3,
          "retryReasons": [],
          "status": "passed",
          "title": "should propagate error when mapper.map throws"
        },
        {
          "ancestorTitles": ["EditRewardUseCase"],
          "duration": 1,
          "failureDetails": [],
          "failureMessages": [],
          "fullName": "EditRewardUseCase should call getById before update (order of operations)",
          "invocations": 1,
          "location": null,
          "numPassingAsserts": 1,
          "retryReasons": [],
          "status": "passed",
          "title": "should call getById before update (order of operations)"
        }
      ],
      "endTime": 1764277227270,
      "message": "",
      "name": "D:\\my-programs\\Descomplica\\PEX\\fidelize\\core\\application\\use-cases\\rewards\\__tests__\\commands\\edit-reward.use-case.spec.ts",
      "startTime": 1764277227163,
      "status": "passed",
      "summary": ""
    },
    {
      "assertionResults": [
        {
          "ancestorTitles": ["RegisterRewardUseCase"],
          "duration": 1,
          "failureDetails": [],
          "failureMessages": [],
          "fullName": "RegisterRewardUseCase should throw ValidationException when validator returns errors",
          "invocations": 1,
          "location": null,
          "numPassingAsserts": 4,
          "retryReasons": [],
          "status": "passed",
          "title": "should throw ValidationException when validator returns errors"
        },
        {
          "ancestorTitles": ["RegisterRewardUseCase"],
          "duration": 1,
          "failureDetails": [],
          "failureMessages": [],
          "fullName": "RegisterRewardUseCase should create a Reward and return mapped DTO (happy path)",
          "invocations": 1,
          "location": null,
          "numPassingAsserts": 10,
          "retryReasons": [],
          "status": "passed",
          "title": "should create a Reward and return mapped DTO (happy path)"
        },
        {
          "ancestorTitles": ["RegisterRewardUseCase"],
          "duration": 5,
          "failureDetails": [],
          "failureMessages": [],
          "fullName": "RegisterRewardUseCase should propagate error when repository.create throws",
          "invocations": 1,
          "location": null,
          "numPassingAsserts": 4,
          "retryReasons": [],
          "status": "passed",
          "title": "should propagate error when repository.create throws"
        },
        {
          "ancestorTitles": ["RegisterRewardUseCase"],
          "duration": 3,
          "failureDetails": [],
          "failureMessages": [],
          "fullName": "RegisterRewardUseCase should propagate error when mapper.map throws",
          "invocations": 1,
          "location": null,
          "numPassingAsserts": 3,
          "retryReasons": [],
          "status": "passed",
          "title": "should propagate error when mapper.map throws"
        }
      ],
      "endTime": 1764277227394,
      "message": "",
      "name": "D:\\my-programs\\Descomplica\\PEX\\fidelize\\core\\application\\use-cases\\rewards\\__tests__\\commands\\register-reward.use-case.spec.ts",
      "startTime": 1764277227282,
      "status": "passed",
      "summary": ""
    },
    {
      "assertionResults": [
        {
          "ancestorTitles": ["DeleteRewardUseCase"],
          "duration": 1,
          "failureDetails": [],
          "failureMessages": [],
          "fullName": "DeleteRewardUseCase should delete reward when it exists",
          "invocations": 1,
          "location": null,
          "numPassingAsserts": 4,
          "retryReasons": [],
          "status": "passed",
          "title": "should delete reward when it exists"
        },
        {
          "ancestorTitles": ["DeleteRewardUseCase"],
          "duration": 4,
          "failureDetails": [],
          "failureMessages": [],
          "fullName": "DeleteRewardUseCase should throw if reward does not exist",
          "invocations": 1,
          "location": null,
          "numPassingAsserts": 3,
          "retryReasons": [],
          "status": "passed",
          "title": "should throw if reward does not exist"
        },
        {
          "ancestorTitles": ["DeleteRewardUseCase"],
          "duration": 3,
          "failureDetails": [],
          "failureMessages": [],
          "fullName": "DeleteRewardUseCase should propagate error thrown by getById",
          "invocations": 1,
          "location": null,
          "numPassingAsserts": 3,
          "retryReasons": [],
          "status": "passed",
          "title": "should propagate error thrown by getById"
        },
        {
          "ancestorTitles": ["DeleteRewardUseCase"],
          "duration": 1,
          "failureDetails": [],
          "failureMessages": [],
          "fullName": "DeleteRewardUseCase should propagate error thrown by delete",
          "invocations": 1,
          "location": null,
          "numPassingAsserts": 3,
          "retryReasons": [],
          "status": "passed",
          "title": "should propagate error thrown by delete"
        },
        {
          "ancestorTitles": ["DeleteRewardUseCase"],
          "duration": 0,
          "failureDetails": [],
          "failureMessages": [],
          "fullName": "DeleteRewardUseCase should still try getById if id is zero",
          "invocations": 1,
          "location": null,
          "numPassingAsserts": 2,
          "retryReasons": [],
          "status": "passed",
          "title": "should still try getById if id is zero"
        },
        {
          "ancestorTitles": ["DeleteRewardUseCase"],
          "duration": 0,
          "failureDetails": [],
          "failureMessages": [],
          "fullName": "DeleteRewardUseCase should reject if id is NaN",
          "invocations": 1,
          "location": null,
          "numPassingAsserts": 3,
          "retryReasons": [],
          "status": "passed",
          "title": "should reject if id is NaN"
        }
      ],
      "endTime": 1764277227506,
      "message": "",
      "name": "D:\\my-programs\\Descomplica\\PEX\\fidelize\\core\\application\\use-cases\\rewards\\__tests__\\commands\\delete-reward.use-case.spec.ts",
      "startTime": 1764277227403,
      "status": "passed",
      "summary": ""
    },
    {
      "assertionResults": [
        {
          "ancestorTitles": ["RegisterCustomerUseCase"],
          "duration": 1,
          "failureDetails": [],
          "failureMessages": [],
          "fullName": "RegisterCustomerUseCase should throw ValidationException when validator returns errors",
          "invocations": 1,
          "location": null,
          "numPassingAsserts": 3,
          "retryReasons": [],
          "status": "passed",
          "title": "should throw ValidationException when validator returns errors"
        },
        {
          "ancestorTitles": ["RegisterCustomerUseCase"],
          "duration": 0,
          "failureDetails": [],
          "failureMessages": [],
          "fullName": "RegisterCustomerUseCase should throw ClientAlreadyExistsError if customer already exists",
          "invocations": 1,
          "location": null,
          "numPassingAsserts": 3,
          "retryReasons": [],
          "status": "passed",
          "title": "should throw ClientAlreadyExistsError if customer already exists"
        },
        {
          "ancestorTitles": ["RegisterCustomerUseCase"],
          "duration": 6,
          "failureDetails": [],
          "failureMessages": [],
          "fullName": "RegisterCustomerUseCase should create a customer and return a mapped DTO",
          "invocations": 1,
          "location": null,
          "numPassingAsserts": 5,
          "retryReasons": [],
          "status": "passed",
          "title": "should create a customer and return a mapped DTO"
        },
        {
          "ancestorTitles": ["RegisterCustomerUseCase"],
          "duration": 1,
          "failureDetails": [],
          "failureMessages": [],
          "fullName": "RegisterCustomerUseCase should construct a Customer entity with initial points = 0",
          "invocations": 1,
          "location": null,
          "numPassingAsserts": 4,
          "retryReasons": [],
          "status": "passed",
          "title": "should construct a Customer entity with initial points = 0"
        },
        {
          "ancestorTitles": ["RegisterCustomerUseCase"],
          "duration": 5,
          "failureDetails": [],
          "failureMessages": [],
          "fullName": "RegisterCustomerUseCase should throw if repository.create throws",
          "invocations": 1,
          "location": null,
          "numPassingAsserts": 1,
          "retryReasons": [],
          "status": "passed",
          "title": "should throw if repository.create throws"
        },
        {
          "ancestorTitles": ["RegisterCustomerUseCase"],
          "duration": 2,
          "failureDetails": [],
          "failureMessages": [],
          "fullName": "RegisterCustomerUseCase should throw if mapper.map throws",
          "invocations": 1,
          "location": null,
          "numPassingAsserts": 1,
          "retryReasons": [],
          "status": "passed",
          "title": "should throw if mapper.map throws"
        }
      ],
      "endTime": 1764277227624,
      "message": "",
      "name": "D:\\my-programs\\Descomplica\\PEX\\fidelize\\core\\application\\use-cases\\customers\\__tests__\\commands\\register-customer.usecase.spec.ts",
      "startTime": 1764277227514,
      "status": "passed",
      "summary": ""
    },
    {
      "assertionResults": [
        {
          "ancestorTitles": ["ListCustomersWhoRedeemedRewardUseCase"],
          "duration": 2,
          "failureDetails": [],
          "failureMessages": [],
          "fullName": "ListCustomersWhoRedeemedRewardUseCase should return mapped CustomerRewardRedemptionDto array (happy path)",
          "invocations": 1,
          "location": null,
          "numPassingAsserts": 6,
          "retryReasons": [],
          "status": "passed",
          "title": "should return mapped CustomerRewardRedemptionDto array (happy path)"
        },
        {
          "ancestorTitles": ["ListCustomersWhoRedeemedRewardUseCase"],
          "duration": 1,
          "failureDetails": [],
          "failureMessages": [],
          "fullName": "ListCustomersWhoRedeemedRewardUseCase should return an empty array when no customers redeemed the reward",
          "invocations": 1,
          "location": null,
          "numPassingAsserts": 4,
          "retryReasons": [],
          "status": "passed",
          "title": "should return an empty array when no customers redeemed the reward"
        },
        {
          "ancestorTitles": ["ListCustomersWhoRedeemedRewardUseCase"],
          "duration": 6,
          "failureDetails": [],
          "failureMessages": [],
          "fullName": "ListCustomersWhoRedeemedRewardUseCase should propagate error when rewardRepo.getById throws",
          "invocations": 1,
          "location": null,
          "numPassingAsserts": 3,
          "retryReasons": [],
          "status": "passed",
          "title": "should propagate error when rewardRepo.getById throws"
        },
        {
          "ancestorTitles": ["ListCustomersWhoRedeemedRewardUseCase"],
          "duration": 1,
          "failureDetails": [],
          "failureMessages": [],
          "fullName": "ListCustomersWhoRedeemedRewardUseCase should propagate error when findCustomersWhoRedeemedReward throws",
          "invocations": 1,
          "location": null,
          "numPassingAsserts": 2,
          "retryReasons": [],
          "status": "passed",
          "title": "should propagate error when findCustomersWhoRedeemedReward throws"
        },
        {
          "ancestorTitles": ["ListCustomersWhoRedeemedRewardUseCase"],
          "duration": 2,
          "failureDetails": [],
          "failureMessages": [],
          "fullName": "ListCustomersWhoRedeemedRewardUseCase should propagate error when customerDtoMapper.map throws for an item",
          "invocations": 1,
          "location": null,
          "numPassingAsserts": 2,
          "retryReasons": [],
          "status": "passed",
          "title": "should propagate error when customerDtoMapper.map throws for an item"
        },
        {
          "ancestorTitles": ["ListCustomersWhoRedeemedRewardUseCase"],
          "duration": 0,
          "failureDetails": [],
          "failureMessages": [],
          "fullName": "ListCustomersWhoRedeemedRewardUseCase should call getById before findCustomersWhoRedeemedReward (order of operations)",
          "invocations": 1,
          "location": null,
          "numPassingAsserts": 1,
          "retryReasons": [],
          "status": "passed",
          "title": "should call getById before findCustomersWhoRedeemedReward (order of operations)"
        },
        {
          "ancestorTitles": ["ListCustomersWhoRedeemedRewardUseCase"],
          "duration": 0,
          "failureDetails": [],
          "failureMessages": [],
          "fullName": "ListCustomersWhoRedeemedRewardUseCase should not call unrelated repository methods",
          "invocations": 1,
          "location": null,
          "numPassingAsserts": 5,
          "retryReasons": [],
          "status": "passed",
          "title": "should not call unrelated repository methods"
        }
      ],
      "endTime": 1764277227744,
      "message": "",
      "name": "D:\\my-programs\\Descomplica\\PEX\\fidelize\\core\\application\\use-cases\\customers-rewards\\__tests__\\queries\\list-customers-who-redeemed-reward.use-case.spec.ts",
      "startTime": 1764277227636,
      "status": "passed",
      "summary": ""
    },
    {
      "assertionResults": [
        {
          "ancestorTitles": ["DbCustomerToDomainMapper"],
          "duration": 12,
          "failureDetails": [],
          "failureMessages": [],
          "fullName": "DbCustomerToDomainMapper should map CustomerSelect to CustomerEntity correctly",
          "invocations": 1,
          "location": null,
          "numPassingAsserts": 7,
          "retryReasons": [],
          "status": "passed",
          "title": "should map CustomerSelect to CustomerEntity correctly"
        },
        {
          "ancestorTitles": ["DbCustomerToDomainMapper"],
          "duration": 0,
          "failureDetails": [],
          "failureMessages": [],
          "fullName": "DbCustomerToDomainMapper should correctly map id when it's zero",
          "invocations": 1,
          "location": null,
          "numPassingAsserts": 1,
          "retryReasons": [],
          "status": "passed",
          "title": "should correctly map id when it's zero"
        },
        {
          "ancestorTitles": ["DbCustomerToDomainMapper"],
          "duration": 1,
          "failureDetails": [],
          "failureMessages": [],
          "fullName": "DbCustomerToDomainMapper should correctly map points when zero",
          "invocations": 1,
          "location": null,
          "numPassingAsserts": 1,
          "retryReasons": [],
          "status": "passed",
          "title": "should correctly map points when zero"
        },
        {
          "ancestorTitles": ["DbCustomerToDomainMapper"],
          "duration": 11,
          "failureDetails": [],
          "failureMessages": [],
          "fullName": "DbCustomerToDomainMapper should throw an error if lastVisitAt is before createdAt",
          "invocations": 1,
          "location": null,
          "numPassingAsserts": 1,
          "retryReasons": [],
          "status": "passed",
          "title": "should throw an error if lastVisitAt is before createdAt"
        },
        {
          "ancestorTitles": ["DbCustomerToDomainMapper"],
          "duration": 1,
          "failureDetails": [],
          "failureMessages": [],
          "fullName": "DbCustomerToDomainMapper should map all string fields correctly when empty",
          "invocations": 1,
          "location": null,
          "numPassingAsserts": 2,
          "retryReasons": [],
          "status": "passed",
          "title": "should map all string fields correctly when empty"
        }
      ],
      "endTime": 1764277227873,
      "message": "",
      "name": "D:\\my-programs\\Descomplica\\PEX\\fidelize\\core\\infrastructure\\mappers\\__tests__\\to-domain\\db-customer-to-domain.mapper.spec.ts",
      "startTime": 1764277227754,
      "status": "passed",
      "summary": ""
    },
    {
      "assertionResults": [
        {
          "ancestorTitles": ["DbCustomerRewardsToDomainMapper"],
          "duration": 1,
          "failureDetails": [],
          "failureMessages": [],
          "fullName": "DbCustomerRewardsToDomainMapper should map database row to domain CustomerReward and set the id",
          "invocations": 1,
          "location": null,
          "numPassingAsserts": 5,
          "retryReasons": [],
          "status": "passed",
[...]
          ],
          "line": 18
        },
        "1": {
          "loc": {
            "start": { "line": 21, "column": 4 },
            "end": { "line": 21, "column": 49 }
          },
          "type": "if",
          "locations": [
            {
              "start": { "line": 21, "column": 4 },
              "end": { "line": 21, "column": 49 }
            },
            { "start": {}, "end": {} }
          ],
          "line": 21
        }
      },
      "s": { "0": 6, "1": 6, "2": 1, "3": 5, "4": 4, "5": 1, "6": 3 },
      "f": { "0": 6, "1": 6 },
      "b": { "0": [1, 5], "1": [1, 3] },
      "_coverageSchema": "1a1c01bbd47fc00a2c39e90264f33305004495a9",
      "hash": "d144146733cbb64a9fdef7fb9c16875ee4cc3918"
    },
    "D:\\my-programs\\Descomplica\\PEX\\fidelize\\core\\application\\use-cases\\rewards\\commands\\disable-reward.use-case.ts": {
      "path": "D:\\my-programs\\Descomplica\\PEX\\fidelize\\core\\application\\use-cases\\rewards\\commands\\disable-reward.use-case.ts",
      "statementMap": {
        "0": {
          "start": { "line": 12, "column": 4 },
          "end": { "line": 12, "column": 38 }
        },
        "1": {
          "start": { "line": 16, "column": 21 },
          "end": { "line": 16, "column": 54 }
        },
        "2": {
          "start": { "line": 17, "column": 4 },
          "end": { "line": 17, "column": 26 }
        },
        "3": {
          "start": { "line": 18, "column": 4 },
          "end": { "line": 18, "column": 43 }
        }
      },
      "fnMap": {
        "0": {
          "name": "(anonymous_0)",
          "decl": {
            "start": { "line": 11, "column": 2 },
            "end": { "line": 11, "column": 3 }
          },
          "loc": {
            "start": { "line": 11, "column": 38 },
            "end": { "line": 13, "column": 3 }
          },
          "line": 11
        },
        "1": {
          "name": "(anonymous_1)",
          "decl": {
            "start": { "line": 15, "column": 2 },
            "end": { "line": 15, "column": 3 }
          },
          "loc": {
            "start": { "line": 15, "column": 43 },
            "end": { "line": 19, "column": 3 }
          },
          "line": 15
        }
      },
      "branchMap": {},
      "s": { "0": 5, "1": 5, "2": 4, "3": 3 },
      "f": { "0": 5, "1": 5 },
      "b": {},
      "_coverageSchema": "1a1c01bbd47fc00a2c39e90264f33305004495a9",
      "hash": "d24d52f5fc7309fb6e093452b47e84c835aafbb9"
    },
    "D:\\my-programs\\Descomplica\\PEX\\fidelize\\core\\application\\use-cases\\rewards\\commands\\edit-reward.use-case.ts": {
      "path": "D:\\my-programs\\Descomplica\\PEX\\fidelize\\core\\application\\use-cases\\rewards\\commands\\edit-reward.use-case.ts",
      "statementMap": {
        "0": {
          "start": { "line": 21, "column": 4 },
          "end": { "line": 21, "column": 38 }
        },
        "1": {
          "start": { "line": 22, "column": 4 },
          "end": { "line": 22, "column": 56 }
        },
        "2": {
          "start": { "line": 23, "column": 4 },
          "end": { "line": 23, "column": 52 }
        },
        "3": {
          "start": { "line": 27, "column": 19 },
          "end": { "line": 27, "column": 58 }
        },
        "4": {
          "start": { "line": 28, "column": 4 },
          "end": { "line": 30, "column": 5 }
        },
        "5": {
          "start": { "line": 29, "column": 6 },
          "end": { "line": 29, "column": 44 }
        },
        "6": {
          "start": { "line": 32, "column": 21 },
          "end": { "line": 32, "column": 54 }
        },
        "7": {
          "start": { "line": 34, "column": 20 },
          "end": { "line": 34, "column": 46 }
        },
        "8": {
          "start": { "line": 35, "column": 30 },
          "end": { "line": 35, "column": 76 }
        },
        "9": {
          "start": { "line": 36, "column": 27 },
          "end": { "line": 36, "column": 67 }
        },
        "10": {
          "start": { "line": 38, "column": 26 },
          "end": { "line": 42, "column": 6 }
        },
        "11": {
          "start": { "line": 43, "column": 4 },
          "end": { "line": 43, "column": 38 }
        },
        "12": {
          "start": { "line": 45, "column": 19 },
          "end": { "line": 45, "column": 62 }
        },
        "13": {
          "start": { "line": 47, "column": 4 },
          "end": { "line": 47, "column": 46 }
        }
      },
      "fnMap": {
        "0": {
          "name": "(anonymous_0)",
          "decl": {
            "start": { "line": 20, "column": 2 },
            "end": { "line": 20, "column": 3 }
          },
          "loc": {
            "start": { "line": 20, "column": 35 },
            "end": { "line": 24, "column": 3 }
          },
          "line": 20
        },
        "1": {
          "name": "(anonymous_1)",
          "decl": {
            "start": { "line": 26, "column": 2 },
            "end": { "line": 26, "column": 3 }
          },
          "loc": {
            "start": { "line": 26, "column": 71 },
            "end": { "line": 48, "column": 3 }
          },
          "line": 26
        }
      },
      "branchMap": {
        "0": {
          "loc": {
            "start": { "line": 28, "column": 4 },
            "end": { "line": 30, "column": 5 }
          },
          "type": "if",
          "locations": [
            {
              "start": { "line": 28, "column": 4 },
              "end": { "line": 30, "column": 5 }
            },
            { "start": {}, "end": {} }
          ],
          "line": 28
        },
        "1": {
          "loc": {
            "start": { "line": 34, "column": 20 },
            "end": { "line": 34, "column": 46 }
          },
          "type": "binary-expr",
          "locations": [
            {
              "start": { "line": 34, "column": 20 },
              "end": { "line": 34, "column": 29 }
            },
            {
              "start": { "line": 34, "column": 33 },
              "end": { "line": 34, "column": 46 }
            }
          ],
          "line": 34
        },
        "2": {
          "loc": {
            "start": { "line": 35, "column": 30 },
            "end": { "line": 35, "column": 76 }
          },
          "type": "binary-expr",
          "locations": [
            {
              "start": { "line": 35, "column": 30 },
              "end": { "line": 35, "column": 49 }
            },
            {
              "start": { "line": 35, "column": 53 },
              "end": { "line": 35, "column": 76 }
            }
          ],
          "line": 35
        },
        "3": {
          "loc": {
            "start": { "line": 36, "column": 27 },
            "end": { "line": 36, "column": 67 }
          },
          "type": "binary-expr",
          "locations": [
            {
              "start": { "line": 36, "column": 27 },
              "end": { "line": 36, "column": 43 }
            },
            {
              "start": { "line": 36, "column": 47 },
              "end": { "line": 36, "column": 67 }
            }
          ],
          "line": 36
        }
      },
      "s": {
        "0": 7,
        "1": 7,
        "2": 7,
        "3": 7,
        "4": 7,
        "5": 1,
        "6": 6,
        "7": 5,
        "8": 5,
        "9": 5,
        "10": 5,
        "11": 5,
        "12": 5,
        "13": 4
      },
      "f": { "0": 7, "1": 7 },
      "b": { "0": [1, 6], "1": [5, 2], "2": [5, 4], "3": [5, 3] },
      "_coverageSchema": "1a1c01bbd47fc00a2c39e90264f33305004495a9",
      "hash": "e04c2dee16d15bfa421a24615246c9b960d85098"
    },
    "D:\\my-programs\\Descomplica\\PEX\\fidelize\\core\\application\\use-cases\\rewards\\commands\\register-reward.use-case.ts": {
      "path": "D:\\my-programs\\Descomplica\\PEX\\fidelize\\core\\application\\use-cases\\rewards\\commands\\register-reward.use-case.ts",
      "statementMap": {
        "0": {
          "start": { "line": 21, "column": 4 },
          "end": { "line": 21, "column": 38 }
        },
        "1": {
          "start": { "line": 22, "column": 4 },
          "end": { "line": 22, "column": 60 }
        },
        "2": {
          "start": { "line": 23, "column": 4 },
          "end": { "line": 23, "column": 52 }
        },
        "3": {
          "start": { "line": 27, "column": 19 },
          "end": { "line": 27, "column": 60 }
        },
        "4": {
          "start": { "line": 28, "column": 4 },
          "end": { "line": 30, "column": 5 }
        },
        "5": {
          "start": { "line": 29, "column": 6 },
          "end": { "line": 29, "column": 44 }
        },
        "6": {
          "start": { "line": 32, "column": 25 },
          "end": { "line": 36, "column": 6 }
        },
        "7": {
          "start": { "line": 38, "column": 19 },
          "end": { "line": 38, "column": 61 }
        },
        "8": {
          "start": { "line": 40, "column": 4 },
          "end": { "line": 40, "column": 46 }
        }
      },
      "fnMap": {
        "0": {
          "name": "(anonymous_0)",
          "decl": {
            "start": { "line": 20, "column": 2 },
            "end": { "line": 20, "column": 3 }
          },
          "loc": {
            "start": { "line": 20, "column": 39 },
            "end": { "line": 24, "column": 3 }
          },
          "line": 20
        },
        "1": {
          "name": "(anonymous_1)",
          "decl": {
            "start": { "line": 26, "column": 2 },
            "end": { "line": 26, "column": 3 }
          },
          "loc": {
            "start": { "line": 26, "column": 59 },
            "end": { "line": 41, "column": 3 }
          },
          "line": 26
        }
      },
      "branchMap": {
        "0": {
          "loc": {
            "start": { "line": 28, "column": 4 },
            "end": { "line": 30, "column": 5 }
          },
          "type": "if",
          "locations": [
            {
              "start": { "line": 28, "column": 4 },
              "end": { "line": 30, "column": 5 }
            },
            { "start": {}, "end": {} }
          ],
          "line": 28
        }
      },
      "s": {
        "0": 4,
        "1": 4,
        "2": 4,
        "3": 4,
        "4": 4,
        "5": 1,
        "6": 3,
        "7": 3,
        "8": 2
      },
      "f": { "0": 4, "1": 4 },
      "b": { "0": [1, 3] },
      "_coverageSchema": "1a1c01bbd47fc00a2c39e90264f33305004495a9",
      "hash": "0da571bd57bca89ab098ab4f549889eb94c05d57"
    },
    "D:\\my-programs\\Descomplica\\PEX\\fidelize\\core\\application\\use-cases\\rewards\\queries\\get-reward-detail.use-case.ts": {
      "path": "D:\\my-programs\\Descomplica\\PEX\\fidelize\\core\\application\\use-cases\\rewards\\queries\\get-reward-detail.use-case.ts",
      "statementMap": {
        "0": {
          "start": { "line": 17, "column": 4 },
          "end": { "line": 17, "column": 38 }
        },
        "1": {
          "start": { "line": 18, "column": 4 },
          "end": { "line": 18, "column": 52 }
        },
        "2": {
          "start": { "line": 22, "column": 19 },
          "end": { "line": 22, "column": 52 }
        },
        "3": {
          "start": { "line": 23, "column": 4 },
          "end": { "line": 23, "column": 46 }
        }
      },
      "fnMap": {
        "0": {
          "name": "(anonymous_0)",
          "decl": {
            "start": { "line": 16, "column": 2 },
            "end": { "line": 16, "column": 3 }
          },
          "loc": {
            "start": { "line": 16, "column": 40 },
            "end": { "line": 19, "column": 3 }
          },
          "line": 16
        },
        "1": {
          "name": "(anonymous_1)",
          "decl": {
            "start": { "line": 21, "column": 2 },
            "end": { "line": 21, "column": 3 }
          },
          "loc": {
            "start": { "line": 21, "column": 48 },
            "end": { "line": 24, "column": 3 }
          },
          "line": 21
        }
      },
      "branchMap": {},
      "s": { "0": 4, "1": 4, "2": 4, "3": 3 },
      "f": { "0": 4, "1": 4 },
      "b": {},
      "_coverageSchema": "1a1c01bbd47fc00a2c39e90264f33305004495a9",
      "hash": "17c858eadd15cd974b0ebcc61a6acd58ad3a1222"
    },
    "D:\\my-programs\\Descomplica\\PEX\\fidelize\\core\\application\\use-cases\\rewards\\queries\\list-rewards-active.use-case.ts": {
      "path": "D:\\my-programs\\Descomplica\\PEX\\fidelize\\core\\application\\use-cases\\rewards\\queries\\list-rewards-active.use-case.ts",
      "statementMap": {
        "0": {
          "start": { "line": 17, "column": 4 },
          "end": { "line": 17, "column": 48 }
        },
        "1": {
          "start": { "line": 18, "column": 4 },
          "end": { "line": 18, "column": 52 }
        },
        "2": {
          "start": { "line": 22, "column": 30 },
          "end": { "line": 22, "column": 72 }
        },
        "3": {
          "start": { "line": 23, "column": 4 },
          "end": { "line": 23, "column": 71 }
        },
        "4": {
          "start": { "line": 23, "column": 40 },
          "end": { "line": 23, "column": 69 }
        }
      },
      "fnMap": {
        "0": {
          "name": "(anonymous_0)",
          "decl": {
            "start": { "line": 16, "column": 2 },
            "end": { "line": 16, "column": 3 }
          },
          "loc": {
            "start": { "line": 16, "column": 42 },
            "end": { "line": 19, "column": 3 }
          },
          "line": 16
        },
        "1": {
          "name": "(anonymous_1)",
          "decl": {
            "start": { "line": 21, "column": 2 },
            "end": { "line": 21, "column": 3 }
          },
          "loc": {
            "start": { "line": 21, "column": 40 },
            "end": { "line": 24, "column": 3 }
          },
          "line": 21
        },
        "2": {
          "name": "(anonymous_2)",
          "decl": {
            "start": { "line": 23, "column": 33 },
            "end": { "line": 23, "column": 34 }
          },
          "loc": {
            "start": { "line": 23, "column": 40 },
            "end": { "line": 23, "column": 69 }
          },
          "line": 23
        }
      },
      "branchMap": {},
      "s": { "0": 6, "1": 6, "2": 6, "3": 5, "4": 6 },
      "f": { "0": 6, "1": 6, "2": 6 },
      "b": {},
      "_coverageSchema": "1a1c01bbd47fc00a2c39e90264f33305004495a9",
      "hash": "3341f419950fb6efefa2ab2efc1203d582338c39"
    },
    "D:\\my-programs\\Descomplica\\PEX\\fidelize\\core\\application\\use-cases\\rewards\\queries\\list-rewards.use-case.ts": {
      "path": "D:\\my-programs\\Descomplica\\PEX\\fidelize\\core\\application\\use-cases\\rewards\\queries\\list-rewards.use-case.ts",
      "statementMap": {
        "0": {
          "start": { "line": 17, "column": 4 },
          "end": { "line": 17, "column": 48 }
        },
        "1": {
          "start": { "line": 18, "column": 4 },
          "end": { "line": 18, "column": 52 }
        },
        "2": {
          "start": { "line": 22, "column": 23 },
          "end": { "line": 22, "column": 59 }
        },
        "3": {
          "start": { "line": 23, "column": 4 },
          "end": { "line": 23, "column": 64 }
        },
        "4": {
          "start": { "line": 23, "column": 33 },
          "end": { "line": 23, "column": 62 }
        }
      },
      "fnMap": {
        "0": {
          "name": "(anonymous_0)",
          "decl": {
            "start": { "line": 16, "column": 2 },
            "end": { "line": 16, "column": 3 }
          },
          "loc": {
            "start": { "line": 16, "column": 36 },
            "end": { "line": 19, "column": 3 }
          },
          "line": 16
        },
        "1": {
          "name": "(anonymous_1)",
          "decl": {
            "start": { "line": 21, "column": 2 },
            "end": { "line": 21, "column": 3 }
          },
          "loc": {
            "start": { "line": 21, "column": 40 },
            "end": { "line": 24, "column": 3 }
          },
          "line": 21
        },
        "2": {
          "name": "(anonymous_2)",
          "decl": {
            "start": { "line": 23, "column": 26 },
            "end": { "line": 23, "column": 27 }
          },
          "loc": {
            "start": { "line": 23, "column": 33 },
            "end": { "line": 23, "column": 62 }
          },
          "line": 23
        }
      },
      "branchMap": {},
      "s": { "0": 6, "1": 6, "2": 6, "3": 5, "4": 6 },
      "f": { "0": 6, "1": 6, "2": 6 },
      "b": {},
      "_coverageSchema": "1a1c01bbd47fc00a2c39e90264f33305004495a9",
      "hash": "586571fe3bd19d0b6e9b3916dfb6ed0bc762d0e9"
    },
    "D:\\my-programs\\Descomplica\\PEX\\fidelize\\core\\infrastructure\\validation\\zod\\zod.validation.ts": {
      "path": "D:\\my-programs\\Descomplica\\PEX\\fidelize\\core\\infrastructure\\validation\\zod\\zod.validation.ts",
      "statementMap": {
        "0": {
          "start": { "line": 13, "column": 19 },
          "end": { "line": 13, "column": 47 }
        },
        "1": {
          "start": { "line": 14, "column": 4 },
          "end": { "line": 14, "column": 34 }
        },
        "2": {
          "start": { "line": 14, "column": 24 },
          "end": { "line": 14, "column": 34 }
        },
        "3": {
          "start": { "line": 16, "column": 4 },
          "end": { "line": 22, "column": 7 }
        },
        "4": {
          "start": { "line": 17, "column": 20 },
          "end": { "line": 17, "column": 38 }
        },
        "5": {
          "start": { "line": 18, "column": 6 },
          "end": { "line": 21, "column": 8 }
        }
      },
      "fnMap": {
        "0": {
          "name": "(anonymous_0)",
          "decl": {
            "start": { "line": 10, "column": 2 },
            "end": { "line": 10, "column": 3 }
          },
          "loc": {
            "start": { "line": 10, "column": 53 },
            "end": { "line": 10, "column": 55 }
          },
          "line": 10
        },
        "1": {
          "name": "(anonymous_1)",
          "decl": {
            "start": { "line": 12, "column": 2 },
            "end": { "line": 12, "column": 3 }
          },
          "loc": {
            "start": { "line": 12, "column": 40 },
            "end": { "line": 23, "column": 3 }
          },
          "line": 12
        },
        "2": {
          "name": "(anonymous_2)",
          "decl": {
            "start": { "line": 16, "column": 35 },
            "end": { "line": 16, "column": 36 }
          },
          "loc": {
            "start": { "line": 16, "column": 44 },
            "end": { "line": 22, "column": 5 }
          },
          "line": 16
        }
      },
      "branchMap": {
        "0": {
          "loc": {
            "start": { "line": 14, "column": 4 },
            "end": { "line": 14, "column": 34 }
          },
          "type": "if",
          "locations": [
            {
              "start": { "line": 14, "column": 4 },
              "end": { "line": 14, "column": 34 }
            },
            { "start": {}, "end": {} }
          ],
          "line": 14
        },
        "1": {
          "loc": {
            "start": { "line": 19, "column": 15 },
            "end": { "line": 19, "column": 52 }
          },
          "type": "binary-expr",
          "locations": [
            {
              "start": { "line": 19, "column": 15 },
              "end": { "line": 19, "column": 43 }
            },
            {
              "start": { "line": 19, "column": 47 },
              "end": { "line": 19, "column": 52 }
            }
          ],
          "line": 19
        }
      },
      "s": { "0": 7, "1": 7, "2": 2, "3": 5, "4": 11, "5": 11 },
      "f": { "0": 7, "1": 7, "2": 11 },
      "b": { "0": [2, 5], "1": [11, 8] },
      "_coverageSchema": "1a1c01bbd47fc00a2c39e90264f33305004495a9",
      "hash": "9c75407a4318ae8e7c9ff103c5326434ac473607"
    }
  }
}
